2017/07/19 23:38:30 main.go:24: [::1]:49854 GET /graphql?query=mutation+M{newTodo:createTodo(text:"This+is+a+todo+mutation+example"){text+done}} {}
2017/07/19 23:46:42 httplogger.go:16: [::1]:49889 GET /graphql?query=mutation+M{newTodo:createTodo(text:"This+is+a+todo+mutation+example"){text+done}} {}
2017/07/19 23:46:59 httplogger.go:16: [::1]:49896 GET /graphql?query=mutation+M{newTodo:createTodo(text:"This+is+a+todo+mutation+example"){text+done}} {}
2017/07/19 23:47:45 httpLogger.go:16: [::1]:49903 GET /graphql?query=mutation+M{newTodo:createTodo(text:"This+is+a+todo+mutation+example"){text+done}} {}
2017/07/19 23:48:18 httpLogger.go:16: [::1]:49908 GET /graphql?query=mutation+M{newTodo:createTodo(text:"This+is+a+todo+mutation+example"){text+done}} {}
2017/07/19 23:48:31 httpLogger.go:16: [::1]:49913 GET /graphql?query=mutation+M{newTodo:createTodo(text:"This+is+a+todo+mutation+example"){text+done}} {}
2017/07/19 23:48:38 httpLogger.go:16: [::1]:49916 GET /graphql?query=mutation+M{newTodo:createTodo(text:"This+is+a+todo+mutation+example"){text+done}} {}
2017/07/19 23:48:40 httpLogger.go:16: [::1]:49917 GET /graphql?query=mutation+M{newTodo:createTodo(text:"This+is+a+todo+mutation+example"){text+done}} {}
2017/07/20 23:21:04 httpLogger.go:16: [::1]:49921 GET /graphql?query={lastTodo{text+done}} {}
2017/07/20 23:27:02 httpLogger.go:16: [::1]:49958 GET /graphql?query={search{text+done}} {}
2017/07/20 23:27:08 httpLogger.go:16: [::1]:49959 GET /graphql?query={search{Proejct}} {}
2017/07/20 23:27:12 httpLogger.go:16: [::1]:49960 GET /graphql?query={search{Proeject}} {}
2017/07/20 23:27:19 httpLogger.go:16: [::1]:49961 GET /graphql?query={search{Project}} {}
2017/07/20 23:28:02 httpLogger.go:16: [::1]:49962 GET /graphql?query={search{Project}} {}
2017/07/20 23:29:49 httpLogger.go:16: [::1]:49984 GET /graphql?query={search{Project}} {}
2017/07/20 23:30:28 httpLogger.go:16: [::1]:49990 GET /graphql?query={search(){Project}} {}
2017/07/20 23:31:55 httpLogger.go:16: [::1]:49995 GET /graphql?query={search(){Project}} {}
2017/07/20 23:34:29 httpLogger.go:16: [::1]:50011 GET /graphql?query={search{Proejct}} {}
2017/07/20 23:34:38 httpLogger.go:16: [::1]:50012 GET /graphql?query={search(){Proejct}} {}
2017/07/20 23:34:57 httpLogger.go:16: [::1]:50014 GET /graphql?query={search(){Proejct}} {}
2017/07/20 23:37:22 httpLogger.go:16: [::1]:50050 GET /graphql?query={search(Name:"123"){Proejct}} {}
2017/07/20 23:37:28 httpLogger.go:16: [::1]:50051 GET /graphql?query={search(name:"123"){Proejct}} {}
2017/07/20 23:37:39 httpLogger.go:16: [::1]:50053 GET /graphql?query={search(name:"123",type:"123456"){Proejct}} {}
2017/07/20 23:37:46 httpLogger.go:16: [::1]:50054 GET /graphql?query={search(name:"123",type:"123456"){proejct}} {}
2017/07/20 23:38:00 httpLogger.go:16: [::1]:50060 GET /graphql?query={search(name:"123",type:"123456"){proejct}} {}
2017/07/20 23:38:13 httpLogger.go:16: [::1]:50061 GET /graphql?query={search(name:"123",type:"123456"){Proejct}} {}
2017/07/20 23:38:28 httpLogger.go:16: [::1]:50062 GET /graphql?query={search(name:"123",type:"123456"){Projct}} {}
2017/07/20 23:38:32 httpLogger.go:16: [::1]:50063 GET /graphql?query={search(name:"123",type:"123456"){Project}} {}
2017/07/20 23:38:45 httpLogger.go:16: [::1]:50064 GET /graphql?query={search(name:"123",type:"123456"){Project,Version,Type,Name}} {}
2017/07/20 23:38:58 httpLogger.go:16: [::1]:50065 GET /graphql?query={search(proeject="angular",name:"123",type:"123456"){Project,Version,Type,Name}} {}
2017/07/20 23:39:03 httpLogger.go:16: [::1]:50066 GET /graphql?query={search(proeject:"angular",name:"123",type:"123456"){Project,Version,Type,Name}} {}
2017/07/20 23:39:07 httpLogger.go:16: [::1]:50067 GET /graphql?query={search(project:"angular",name:"123",type:"123456"){Project,Version,Type,Name}} {}
2017/07/20 23:39:21 httpLogger.go:16: [::1]:50068 GET /graphql?query={search(project:"angular",version:"0.1.0",name:"123",type:"123456"){Project,Version,Type,Name}} {}
2017/07/20 23:39:52 httpLogger.go:16: [::1]:50069 GET /graphql?query={search(project:"angular",version:"0.1.0",name:"123",type:"123456"){Project,Version,Type,Name}} {}
2017/07/20 23:39:55 httpLogger.go:16: [::1]:50074 GET /graphql?query={search(project:"angular",version:"0.1.0",name:"123",type:"123456"){Project,Version,Type,Name}} {}
2017/07/20 23:39:56 httpLogger.go:16: [::1]:50075 GET /graphql?query={search(project:"angular",version:"0.1.0",name:"123",type:"123456"){Project,Version,Type,Name}} {}
2017/07/20 23:40:00 httpLogger.go:16: [::1]:50076 GET /graphql?query={search(project:"angular",version:"0.1.0",name:"123",type:"get"){Project,Version,Type,Name}} {}
2017/07/20 23:40:07 httpLogger.go:16: [::1]:50078 GET /graphql?query={search(project:"angular",version:"0.1.0",name:"123",type:"get"){Project,Version,Type,Name}} {}
2017/07/20 23:40:10 httpLogger.go:16: [::1]:50079 GET /graphql?query={search(project:"angular",version:"0.1.0",name:"123",type:"get"){Project,Version,Type,Name}} {}
2017/07/20 23:40:39 httpLogger.go:16: [::1]:50090 GET /graphql?query={search(project:"angular",version:"0.1.0",name:"123",type:"get"){Project,Version,Type,Name}} {}
2017/07/20 23:40:55 httpLogger.go:16: [::1]:50098 GET /graphql?query={search(project:"angular",version:"0.1.0",name:"123",type:"get"){Project,Version,Type,Name}} {}
